<?xml version="1.0" encoding="UTF-8"?>
<!-- Generated by org.testng.reporters.JUnitReportReporter -->
<testsuite hostname="SARAS-CNB01" failures="0" tests="5" name="salesforce.LoginTest" time="90.464" errors="0" timestamp="2023-06-21T08:58:53 PDT" skipped="0">
  <testcase classname="salesforce.LoginTest" name="case2_Successful_LoginToSalesForce" time="14.357"/>
  <system-out/>
  <testcase classname="salesforce.LoginTest" name="case4B_ForgotPassword" time="10.414"/>
  <system-out/>
  <testcase classname="salesforce.LoginTest" name="case3_CheckRememberMe" time="44.393"/>
  <system-out/>
  <testcase classname="salesforce.LoginTest" name="case1_LoginErrorMessage" time="9.151"/>
  <system-out/>
  <testcase classname="salesforce.LoginTest" name="case4A_ForgotPassword" time="12.149"/>
  <system-out/>
</testsuite> <!-- salesforce.LoginTest -->
